0 info it worked if it ends with ok
1 verbose cli [ '/usr/local/bin/node',
1 verbose cli   '/usr/local/bin/npm',
1 verbose cli   'install',
1 verbose cli   '--save',
1 verbose cli   'my-lacal-ip' ]
2 info using npm@2.15.5
3 info using node@v4.4.6
4 verbose install initial load of /Users/brianobioha/Desktop/Smart Chat/package.json
5 warn package.json socket-chat-example@0.0.1 No repository field.
6 warn package.json socket-chat-example@0.0.1 No license field.
7 verbose installManyTop reading scoped package data from /Users/brianobioha/Desktop/Smart Chat/node_modules/express/package.json
8 verbose installManyTop reading scoped package data from /Users/brianobioha/Desktop/Smart Chat/node_modules/socket.io/package.json
9 info package.json socket.io@1.2.0 No license field.
10 verbose readDependencies loading dependencies from /Users/brianobioha/Desktop/Smart Chat/package.json
11 silly cache add args [ 'my-lacal-ip', null ]
12 verbose cache add spec my-lacal-ip
13 silly cache add parsed spec Result {
13 silly cache add   raw: 'my-lacal-ip',
13 silly cache add   scope: null,
13 silly cache add   name: 'my-lacal-ip',
13 silly cache add   rawSpec: '',
13 silly cache add   spec: 'latest',
13 silly cache add   type: 'tag' }
14 silly addNamed my-lacal-ip@latest
15 verbose addNamed "latest" is being treated as a dist-tag for my-lacal-ip
16 info addNameTag [ 'my-lacal-ip', 'latest' ]
17 silly mapToRegistry name my-lacal-ip
18 silly mapToRegistry using default registry
19 silly mapToRegistry registry https://registry.npmjs.org/
20 silly mapToRegistry data Result {
20 silly mapToRegistry   raw: 'my-lacal-ip',
20 silly mapToRegistry   scope: null,
20 silly mapToRegistry   name: 'my-lacal-ip',
20 silly mapToRegistry   rawSpec: '',
20 silly mapToRegistry   spec: 'latest',
20 silly mapToRegistry   type: 'tag' }
21 silly mapToRegistry uri https://registry.npmjs.org/my-lacal-ip
22 verbose addNameTag registry:https://registry.npmjs.org/my-lacal-ip not in flight; fetching
23 verbose request uri https://registry.npmjs.org/my-lacal-ip
24 verbose request no auth needed
25 info attempt registry request try #1 at 11:08:24 PM
26 verbose request id 421c69fa8d5ba438
27 http request GET https://registry.npmjs.org/my-lacal-ip
28 http 404 https://registry.npmjs.org/my-lacal-ip
29 verbose headers { 'content-type': 'application/json',
29 verbose headers   'cache-control': 'max-age=0',
29 verbose headers   'content-length': '2',
29 verbose headers   'accept-ranges': 'bytes',
29 verbose headers   date: 'Mon, 04 Jul 2016 21:08:59 GMT',
29 verbose headers   via: '1.1 varnish',
29 verbose headers   age: '0',
29 verbose headers   connection: 'keep-alive',
29 verbose headers   'x-served-by': 'cache-ams4450-AMS',
29 verbose headers   'x-cache': 'MISS',
29 verbose headers   'x-cache-hits': '0',
29 verbose headers   'x-timer': 'S1467666538.882574,VS0,VE174',
29 verbose headers   vary: 'Accept-Encoding' }
30 silly get cb [ 404,
30 silly get   { 'content-type': 'application/json',
30 silly get     'cache-control': 'max-age=0',
30 silly get     'content-length': '2',
30 silly get     'accept-ranges': 'bytes',
30 silly get     date: 'Mon, 04 Jul 2016 21:08:59 GMT',
30 silly get     via: '1.1 varnish',
30 silly get     age: '0',
30 silly get     connection: 'keep-alive',
30 silly get     'x-served-by': 'cache-ams4450-AMS',
30 silly get     'x-cache': 'MISS',
30 silly get     'x-cache-hits': '0',
30 silly get     'x-timer': 'S1467666538.882574,VS0,VE174',
30 silly get     vary: 'Accept-Encoding' } ]
31 verbose stack Error: Registry returned 404 for GET on https://registry.npmjs.org/my-lacal-ip
31 verbose stack     at makeError (/usr/local/lib/node_modules/npm/node_modules/npm-registry-client/lib/request.js:264:12)
31 verbose stack     at CachingRegistryClient.<anonymous> (/usr/local/lib/node_modules/npm/node_modules/npm-registry-client/lib/request.js:242:14)
31 verbose stack     at Request._callback (/usr/local/lib/node_modules/npm/node_modules/npm-registry-client/lib/request.js:172:14)
31 verbose stack     at Request.self.callback (/usr/local/lib/node_modules/npm/node_modules/request/request.js:200:22)
31 verbose stack     at emitTwo (events.js:87:13)
31 verbose stack     at Request.emit (events.js:172:7)
31 verbose stack     at Request.<anonymous> (/usr/local/lib/node_modules/npm/node_modules/request/request.js:1067:10)
31 verbose stack     at emitOne (events.js:82:20)
31 verbose stack     at Request.emit (events.js:169:7)
31 verbose stack     at IncomingMessage.<anonymous> (/usr/local/lib/node_modules/npm/node_modules/request/request.js:988:12)
32 verbose statusCode 404
33 verbose pkgid my-lacal-ip
34 verbose cwd /Users/brianobioha/Desktop/Smart Chat
35 error Darwin 15.3.0
36 error argv "/usr/local/bin/node" "/usr/local/bin/npm" "install" "--save" "my-lacal-ip"
37 error node v4.4.6
38 error npm  v2.15.5
39 error code E404
40 error 404 Registry returned 404 for GET on https://registry.npmjs.org/my-lacal-ip
40 error 404
40 error 404 'my-lacal-ip' is not in the npm registry.
40 error 404 You should bug the author to publish it (or use the name yourself!)
40 error 404 It was specified as a dependency of 'socket-chat-example'
40 error 404
40 error 404 Note that you can also install from a
40 error 404 tarball, folder, http url, or git url.
41 verbose exit [ 1, true ]
